Requirement already satisfied: transformers in /home/hheg/.local/lib/python3.11/site-packages (4.57.1)
Collecting transformers
  Using cached transformers-4.57.3-py3-none-any.whl.metadata (43 kB)
Collecting filelock (from transformers)
  Downloading filelock-3.20.0-py3-none-any.whl.metadata (2.1 kB)
Requirement already satisfied: huggingface-hub<1.0,>=0.34.0 in /home/hheg/.local/lib/python3.11/site-packages (from transformers) (0.36.0)
Collecting numpy>=1.17 (from transformers)
  Downloading numpy-2.3.5-cp311-cp311-manylinux_2_27_x86_64.manylinux_2_28_x86_64.whl.metadata (62 kB)
Requirement already satisfied: packaging>=20.0 in /home/hheg_stli/condaenvs/myenv/lib/python3.11/site-packages (from transformers) (25.0)
Requirement already satisfied: pyyaml>=5.1 in /home/hheg_stli/condaenvs/myenv/lib/python3.11/site-packages (from transformers) (6.0.3)
Collecting regex!=2019.12.17 (from transformers)
  Downloading regex-2025.11.3-cp311-cp311-manylinux2014_x86_64.manylinux_2_17_x86_64.manylinux_2_28_x86_64.whl.metadata (40 kB)
Requirement already satisfied: requests in /home/hheg_stli/condaenvs/myenv/lib/python3.11/site-packages (from transformers) (2.32.5)
Requirement already satisfied: tokenizers<=0.23.0,>=0.22.0 in /home/hheg/.local/lib/python3.11/site-packages (from transformers) (0.22.1)
Requirement already satisfied: safetensors>=0.4.3 in /home/hheg/.local/lib/python3.11/site-packages (from transformers) (0.6.2)
Collecting tqdm>=4.27 (from transformers)
  Downloading tqdm-4.67.1-py3-none-any.whl.metadata (57 kB)
Collecting fsspec>=2023.5.0 (from huggingface-hub<1.0,>=0.34.0->transformers)
  Downloading fsspec-2025.10.0-py3-none-any.whl.metadata (10 kB)
Requirement already satisfied: typing-extensions>=3.7.4.3 in /home/hheg_stli/condaenvs/myenv/lib/python3.11/site-packages (from huggingface-hub<1.0,>=0.34.0->transformers) (4.15.0)
Requirement already satisfied: hf-xet<2.0.0,>=1.1.3 in /home/hheg/.local/lib/python3.11/site-packages (from huggingface-hub<1.0,>=0.34.0->transformers) (1.2.0)
Requirement already satisfied: charset_normalizer<4,>=2 in /home/hheg_stli/condaenvs/myenv/lib/python3.11/site-packages (from requests->transformers) (3.4.4)
Requirement already satisfied: idna<4,>=2.5 in /home/hheg_stli/condaenvs/myenv/lib/python3.11/site-packages (from requests->transformers) (3.11)
Requirement already satisfied: urllib3<3,>=1.21.1 in /home/hheg_stli/condaenvs/myenv/lib/python3.11/site-packages (from requests->transformers) (2.5.0)
Requirement already satisfied: certifi>=2017.4.17 in /home/hheg_stli/condaenvs/myenv/lib/python3.11/site-packages (from requests->transformers) (2025.11.12)
Using cached transformers-4.57.3-py3-none-any.whl (12.0 MB)
Downloading fsspec-2025.10.0-py3-none-any.whl (200 kB)
Downloading numpy-2.3.5-cp311-cp311-manylinux_2_27_x86_64.manylinux_2_28_x86_64.whl (16.9 MB)
   ━━━━━━━━━━━━━━━━━━━━━━━━━━━━━━━━━━━━━━━━ 16.9/16.9 MB 23.7 MB/s  0:00:00
Downloading regex-2025.11.3-cp311-cp311-manylinux2014_x86_64.manylinux_2_17_x86_64.manylinux_2_28_x86_64.whl (800 kB)
   ━━━━━━━━━━━━━━━━━━━━━━━━━━━━━━━━━━━━━━━━ 800.4/800.4 kB 896.5 kB/s  0:00:00
Downloading tqdm-4.67.1-py3-none-any.whl (78 kB)
Downloading filelock-3.20.0-py3-none-any.whl (16 kB)
Installing collected packages: tqdm, regex, numpy, fsspec, filelock, transformers
  Attempting uninstall: transformers
    Found existing installation: transformers 4.57.1
    Uninstalling transformers-4.57.1:
      Successfully uninstalled transformers-4.57.1

Successfully installed filelock-3.20.0 fsspec-2025.10.0 numpy-2.3.5 regex-2025.11.3 tqdm-4.67.1 transformers-4.57.3
Package transformers installed successfully
Collecting datasets
  Downloading datasets-4.4.1-py3-none-any.whl.metadata (19 kB)
Requirement already satisfied: filelock in /home/hheg_stli/condaenvs/myenv/lib/python3.11/site-packages (from datasets) (3.20.0)
Requirement already satisfied: numpy>=1.17 in /home/hheg_stli/condaenvs/myenv/lib/python3.11/site-packages (from datasets) (2.3.5)
Collecting pyarrow>=21.0.0 (from datasets)
  Downloading pyarrow-22.0.0-cp311-cp311-manylinux_2_28_x86_64.whl.metadata (3.2 kB)
Collecting dill<0.4.1,>=0.3.0 (from datasets)
  Downloading dill-0.4.0-py3-none-any.whl.metadata (10 kB)
Collecting pandas (from datasets)
  Downloading pandas-2.3.3-cp311-cp311-manylinux_2_24_x86_64.manylinux_2_28_x86_64.whl.metadata (91 kB)
Requirement already satisfied: requests>=2.32.2 in /home/hheg_stli/condaenvs/myenv/lib/python3.11/site-packages (from datasets) (2.32.5)
Requirement already satisfied: httpx<1.0.0 in /home/hheg_stli/condaenvs/myenv/lib/python3.11/site-packages (from datasets) (0.28.1)
Requirement already satisfied: tqdm>=4.66.3 in /home/hheg_stli/condaenvs/myenv/lib/python3.11/site-packages (from datasets) (4.67.1)
Collecting xxhash (from datasets)
  Downloading xxhash-3.6.0-cp311-cp311-manylinux2014_x86_64.manylinux_2_17_x86_64.manylinux_2_28_x86_64.whl.metadata (13 kB)
Collecting multiprocess<0.70.19 (from datasets)
  Downloading multiprocess-0.70.18-py311-none-any.whl.metadata (7.5 kB)
Requirement already satisfied: fsspec<=2025.10.0,>=2023.1.0 in /home/hheg_stli/condaenvs/myenv/lib/python3.11/site-packages (from fsspec[http]<=2025.10.0,>=2023.1.0->datasets) (2025.10.0)
Requirement already satisfied: huggingface-hub<2.0,>=0.25.0 in /home/hheg/.local/lib/python3.11/site-packages (from datasets) (0.36.0)
Requirement already satisfied: packaging in /home/hheg_stli/condaenvs/myenv/lib/python3.11/site-packages (from datasets) (25.0)
Requirement already satisfied: pyyaml>=5.1 in /home/hheg_stli/condaenvs/myenv/lib/python3.11/site-packages (from datasets) (6.0.3)
Collecting aiohttp!=4.0.0a0,!=4.0.0a1 (from fsspec[http]<=2025.10.0,>=2023.1.0->datasets)
  Downloading aiohttp-3.13.2-cp311-cp311-manylinux2014_x86_64.manylinux_2_17_x86_64.manylinux_2_28_x86_64.whl.metadata (8.1 kB)
Requirement already satisfied: anyio in /home/hheg_stli/condaenvs/myenv/lib/python3.11/site-packages (from httpx<1.0.0->datasets) (4.12.0)
Requirement already satisfied: certifi in /home/hheg_stli/condaenvs/myenv/lib/python3.11/site-packages (from httpx<1.0.0->datasets) (2025.11.12)
Requirement already satisfied: httpcore==1.* in /home/hheg_stli/condaenvs/myenv/lib/python3.11/site-packages (from httpx<1.0.0->datasets) (1.0.9)
Requirement already satisfied: idna in /home/hheg_stli/condaenvs/myenv/lib/python3.11/site-packages (from httpx<1.0.0->datasets) (3.11)
Requirement already satisfied: h11>=0.16 in /home/hheg_stli/condaenvs/myenv/lib/python3.11/site-packages (from httpcore==1.*->httpx<1.0.0->datasets) (0.16.0)
Requirement already satisfied: typing-extensions>=3.7.4.3 in /home/hheg_stli/condaenvs/myenv/lib/python3.11/site-packages (from huggingface-hub<2.0,>=0.25.0->datasets) (4.15.0)
Requirement already satisfied: hf-xet<2.0.0,>=1.1.3 in /home/hheg/.local/lib/python3.11/site-packages (from huggingface-hub<2.0,>=0.25.0->datasets) (1.2.0)
Collecting aiohappyeyeballs>=2.5.0 (from aiohttp!=4.0.0a0,!=4.0.0a1->fsspec[http]<=2025.10.0,>=2023.1.0->datasets)
  Downloading aiohappyeyeballs-2.6.1-py3-none-any.whl.metadata (5.9 kB)
Collecting aiosignal>=1.4.0 (from aiohttp!=4.0.0a0,!=4.0.0a1->fsspec[http]<=2025.10.0,>=2023.1.0->datasets)
  Downloading aiosignal-1.4.0-py3-none-any.whl.metadata (3.7 kB)
Requirement already satisfied: attrs>=17.3.0 in /home/hheg_stli/condaenvs/myenv/lib/python3.11/site-packages (from aiohttp!=4.0.0a0,!=4.0.0a1->fsspec[http]<=2025.10.0,>=2023.1.0->datasets) (25.4.0)
Collecting frozenlist>=1.1.1 (from aiohttp!=4.0.0a0,!=4.0.0a1->fsspec[http]<=2025.10.0,>=2023.1.0->datasets)
  Downloading frozenlist-1.8.0-cp311-cp311-manylinux1_x86_64.manylinux_2_28_x86_64.manylinux_2_5_x86_64.whl.metadata (20 kB)
Collecting multidict<7.0,>=4.5 (from aiohttp!=4.0.0a0,!=4.0.0a1->fsspec[http]<=2025.10.0,>=2023.1.0->datasets)
  Downloading multidict-6.7.0-cp311-cp311-manylinux2014_x86_64.manylinux_2_17_x86_64.manylinux_2_28_x86_64.whl.metadata (5.3 kB)
Collecting propcache>=0.2.0 (from aiohttp!=4.0.0a0,!=4.0.0a1->fsspec[http]<=2025.10.0,>=2023.1.0->datasets)
  Downloading propcache-0.4.1-cp311-cp311-manylinux2014_x86_64.manylinux_2_17_x86_64.manylinux_2_28_x86_64.whl.metadata (13 kB)
Collecting yarl<2.0,>=1.17.0 (from aiohttp!=4.0.0a0,!=4.0.0a1->fsspec[http]<=2025.10.0,>=2023.1.0->datasets)
  Downloading yarl-1.22.0-cp311-cp311-manylinux2014_x86_64.manylinux_2_17_x86_64.manylinux_2_28_x86_64.whl.metadata (75 kB)
Requirement already satisfied: charset_normalizer<4,>=2 in /home/hheg_stli/condaenvs/myenv/lib/python3.11/site-packages (from requests>=2.32.2->datasets) (3.4.4)
Requirement already satisfied: urllib3<3,>=1.21.1 in /home/hheg_stli/condaenvs/myenv/lib/python3.11/site-packages (from requests>=2.32.2->datasets) (2.5.0)
Requirement already satisfied: python-dateutil>=2.8.2 in /home/hheg_stli/condaenvs/myenv/lib/python3.11/site-packages (from pandas->datasets) (2.9.0.post0)
Collecting pytz>=2020.1 (from pandas->datasets)
  Downloading pytz-2025.2-py2.py3-none-any.whl.metadata (22 kB)
Requirement already satisfied: tzdata>=2022.7 in /home/hheg_stli/condaenvs/myenv/lib/python3.11/site-packages (from pandas->datasets) (2025.2)
Requirement already satisfied: six>=1.5 in /home/hheg_stli/condaenvs/myenv/lib/python3.11/site-packages (from python-dateutil>=2.8.2->pandas->datasets) (1.17.0)
Downloading datasets-4.4.1-py3-none-any.whl (511 kB)
Downloading dill-0.4.0-py3-none-any.whl (119 kB)
Downloading multiprocess-0.70.18-py311-none-any.whl (144 kB)
Downloading aiohttp-3.13.2-cp311-cp311-manylinux2014_x86_64.manylinux_2_17_x86_64.manylinux_2_28_x86_64.whl (1.7 MB)
   ━━━━━━━━━━━━━━━━━━━━━━━━━━━━━━━━━━━━━━━━ 1.7/1.7 MB 1.4 MB/s  0:00:01
Downloading multidict-6.7.0-cp311-cp311-manylinux2014_x86_64.manylinux_2_17_x86_64.manylinux_2_28_x86_64.whl (246 kB)
Downloading yarl-1.22.0-cp311-cp311-manylinux2014_x86_64.manylinux_2_17_x86_64.manylinux_2_28_x86_64.whl (365 kB)
Downloading aiohappyeyeballs-2.6.1-py3-none-any.whl (15 kB)
Downloading aiosignal-1.4.0-py3-none-any.whl (7.5 kB)
Downloading frozenlist-1.8.0-cp311-cp311-manylinux1_x86_64.manylinux_2_28_x86_64.manylinux_2_5_x86_64.whl (231 kB)
Downloading propcache-0.4.1-cp311-cp311-manylinux2014_x86_64.manylinux_2_17_x86_64.manylinux_2_28_x86_64.whl (210 kB)
Downloading pyarrow-22.0.0-cp311-cp311-manylinux_2_28_x86_64.whl (47.7 MB)
   ━━━━━━━━━━━━━━━━━━━━━━━━━━━━━━━━━━━━━━━━ 47.7/47.7 MB 16.3 MB/s  0:00:02
Downloading pandas-2.3.3-cp311-cp311-manylinux_2_24_x86_64.manylinux_2_28_x86_64.whl (12.8 MB)
   ━━━━━━━━━━━━━━━━━━━━━━━━━━━━━━━━━━━━━━━━ 12.8/12.8 MB 11.1 MB/s  0:00:01
Downloading pytz-2025.2-py2.py3-none-any.whl (509 kB)
Downloading xxhash-3.6.0-cp311-cp311-manylinux2014_x86_64.manylinux_2_17_x86_64.manylinux_2_28_x86_64.whl (193 kB)
Installing collected packages: pytz, xxhash, pyarrow, propcache, multidict, frozenlist, dill, aiohappyeyeballs, yarl, pandas, multiprocess, aiosignal, aiohttp, datasets

Successfully installed aiohappyeyeballs-2.6.1 aiohttp-3.13.2 aiosignal-1.4.0 datasets-4.4.1 dill-0.4.0 frozenlist-1.8.0 multidict-6.7.0 multiprocess-0.70.18 pandas-2.3.3 propcache-0.4.1 pyarrow-22.0.0 pytz-2025.2 xxhash-3.6.0 yarl-1.22.0
Package datasets installed successfully
Collecting torch
  Downloading torch-2.9.1-cp311-cp311-manylinux_2_28_x86_64.whl.metadata (30 kB)
Requirement already satisfied: filelock in /home/hheg_stli/condaenvs/myenv/lib/python3.11/site-packages (from torch) (3.20.0)
Requirement already satisfied: typing-extensions>=4.10.0 in /home/hheg_stli/condaenvs/myenv/lib/python3.11/site-packages (from torch) (4.15.0)
Collecting sympy>=1.13.3 (from torch)
  Downloading sympy-1.14.0-py3-none-any.whl.metadata (12 kB)
Collecting networkx>=2.5.1 (from torch)
  Downloading networkx-3.6-py3-none-any.whl.metadata (6.8 kB)
Requirement already satisfied: jinja2 in /home/hheg_stli/condaenvs/myenv/lib/python3.11/site-packages (from torch) (3.1.6)
Requirement already satisfied: fsspec>=0.8.5 in /home/hheg_stli/condaenvs/myenv/lib/python3.11/site-packages (from torch) (2025.10.0)
Collecting nvidia-cuda-nvrtc-cu12==12.8.93 (from torch)
  Downloading nvidia_cuda_nvrtc_cu12-12.8.93-py3-none-manylinux2010_x86_64.manylinux_2_12_x86_64.whl.metadata (1.7 kB)
Collecting nvidia-cuda-runtime-cu12==12.8.90 (from torch)
  Downloading nvidia_cuda_runtime_cu12-12.8.90-py3-none-manylinux2014_x86_64.manylinux_2_17_x86_64.whl.metadata (1.7 kB)
Collecting nvidia-cuda-cupti-cu12==12.8.90 (from torch)
  Downloading nvidia_cuda_cupti_cu12-12.8.90-py3-none-manylinux2014_x86_64.manylinux_2_17_x86_64.whl.metadata (1.7 kB)
Collecting nvidia-cudnn-cu12==9.10.2.21 (from torch)
  Downloading nvidia_cudnn_cu12-9.10.2.21-py3-none-manylinux_2_27_x86_64.whl.metadata (1.8 kB)
Collecting nvidia-cublas-cu12==12.8.4.1 (from torch)
  Downloading nvidia_cublas_cu12-12.8.4.1-py3-none-manylinux_2_27_x86_64.whl.metadata (1.7 kB)
Collecting nvidia-cufft-cu12==11.3.3.83 (from torch)
  Downloading nvidia_cufft_cu12-11.3.3.83-py3-none-manylinux2014_x86_64.manylinux_2_17_x86_64.whl.metadata (1.7 kB)
Collecting nvidia-curand-cu12==10.3.9.90 (from torch)
  Downloading nvidia_curand_cu12-10.3.9.90-py3-none-manylinux_2_27_x86_64.whl.metadata (1.7 kB)
Collecting nvidia-cusolver-cu12==11.7.3.90 (from torch)
  Downloading nvidia_cusolver_cu12-11.7.3.90-py3-none-manylinux_2_27_x86_64.whl.metadata (1.8 kB)
Collecting nvidia-cusparse-cu12==12.5.8.93 (from torch)
  Downloading nvidia_cusparse_cu12-12.5.8.93-py3-none-manylinux2014_x86_64.manylinux_2_17_x86_64.whl.metadata (1.8 kB)
Collecting nvidia-cusparselt-cu12==0.7.1 (from torch)
  Downloading nvidia_cusparselt_cu12-0.7.1-py3-none-manylinux2014_x86_64.whl.metadata (7.0 kB)
Collecting nvidia-nccl-cu12==2.27.5 (from torch)
  Downloading nvidia_nccl_cu12-2.27.5-py3-none-manylinux2014_x86_64.manylinux_2_17_x86_64.whl.metadata (2.0 kB)
Collecting nvidia-nvshmem-cu12==3.3.20 (from torch)
  Downloading nvidia_nvshmem_cu12-3.3.20-py3-none-manylinux2014_x86_64.manylinux_2_17_x86_64.whl.metadata (2.1 kB)
Collecting nvidia-nvtx-cu12==12.8.90 (from torch)
  Downloading nvidia_nvtx_cu12-12.8.90-py3-none-manylinux2014_x86_64.manylinux_2_17_x86_64.whl.metadata (1.8 kB)
Collecting nvidia-nvjitlink-cu12==12.8.93 (from torch)
  Downloading nvidia_nvjitlink_cu12-12.8.93-py3-none-manylinux2010_x86_64.manylinux_2_12_x86_64.whl.metadata (1.7 kB)
Collecting nvidia-cufile-cu12==1.13.1.3 (from torch)
  Downloading nvidia_cufile_cu12-1.13.1.3-py3-none-manylinux2014_x86_64.manylinux_2_17_x86_64.whl.metadata (1.7 kB)
Collecting triton==3.5.1 (from torch)
  Downloading triton-3.5.1-cp311-cp311-manylinux_2_27_x86_64.manylinux_2_28_x86_64.whl.metadata (1.7 kB)
Collecting mpmath<1.4,>=1.1.0 (from sympy>=1.13.3->torch)
  Downloading mpmath-1.3.0-py3-none-any.whl.metadata (8.6 kB)
Requirement already satisfied: MarkupSafe>=2.0 in /home/hheg_stli/condaenvs/myenv/lib/python3.11/site-packages (from jinja2->torch) (3.0.3)
Downloading torch-2.9.1-cp311-cp311-manylinux_2_28_x86_64.whl (899.8 MB)
   ━━━━━━━━━━━━━━━━━━━━━━━━━━━━━━━━━━━━━━━━ 899.8/899.8 MB 19.6 MB/s  0:00:19
Downloading nvidia_cublas_cu12-12.8.4.1-py3-none-manylinux_2_27_x86_64.whl (594.3 MB)
   ━━━━━━━━━━━━━━━━━━━━━━━━━━━━━━━━━━━━━━━━ 594.3/594.3 MB 23.2 MB/s  0:00:14
Downloading nvidia_cuda_cupti_cu12-12.8.90-py3-none-manylinux2014_x86_64.manylinux_2_17_x86_64.whl (10.2 MB)
   ━━━━━━━━━━━━━━━━━━━━━━━━━━━━━━━━━━━━━━━━ 10.2/10.2 MB 1.6 MB/s  0:00:06
Downloading nvidia_cuda_nvrtc_cu12-12.8.93-py3-none-manylinux2010_x86_64.manylinux_2_12_x86_64.whl (88.0 MB)
   ━━━━━━━━━━━━━━━━━━━━━━━━━━━━━━━━━━━━━━━━ 88.0/88.0 MB 12.5 MB/s  0:00:07
Downloading nvidia_cuda_runtime_cu12-12.8.90-py3-none-manylinux2014_x86_64.manylinux_2_17_x86_64.whl (954 kB)
   ━━━━━━━━━━━━━━━━━━━━━━━━━━━━━━━━━━━━━━━━ 954.8/954.8 kB 240.5 kB/s  0:00:02
Downloading nvidia_cudnn_cu12-9.10.2.21-py3-none-manylinux_2_27_x86_64.whl (706.8 MB)
   ━━━━━━━━━━━━━━━━━━━━━━━━━━━━━━━━━━━━━━━━ 706.8/706.8 MB 24.4 MB/s  0:00:14
Downloading nvidia_cufft_cu12-11.3.3.83-py3-none-manylinux2014_x86_64.manylinux_2_17_x86_64.whl (193.1 MB)
   ━━━━━━━━━━━━━━━━━━━━━━━━━━━━━━━━━━━━━━━━ 193.1/193.1 MB 30.8 MB/s  0:00:06
Downloading nvidia_cufile_cu12-1.13.1.3-py3-none-manylinux2014_x86_64.manylinux_2_17_x86_64.whl (1.2 MB)
   ━━━━━━━━━━━━━━━━━━━━━━━━━━━━━━━━━━━━━━━━ 1.2/1.2 MB 322.5 kB/s  0:00:02
Downloading nvidia_curand_cu12-10.3.9.90-py3-none-manylinux_2_27_x86_64.whl (63.6 MB)
   ━━━━━━━━━━━━━━━━━━━━━━━━━━━━━━━━━━━━━━━━ 63.6/63.6 MB 18.2 MB/s  0:00:03
Downloading nvidia_cusolver_cu12-11.7.3.90-py3-none-manylinux_2_27_x86_64.whl (267.5 MB)
   ━━━━━━━━━━━━━━━━━━━━━━━━━━━━━━━━━━━━━━━━ 267.5/267.5 MB 41.7 MB/s  0:00:06
Downloading nvidia_cusparse_cu12-12.5.8.93-py3-none-manylinux2014_x86_64.manylinux_2_17_x86_64.whl (288.2 MB)
   ━━━━━━━━━━━━━━━━━━━━━━━━━━━━━━━━━━━━━━━━ 288.2/288.2 MB 41.7 MB/s  0:00:06
Downloading nvidia_cusparselt_cu12-0.7.1-py3-none-manylinux2014_x86_64.whl (287.2 MB)
   ━━━━━━━━━━━━━━━━━━━━━━━━━━━━━━━━━━━━━━━━ 287.2/287.2 MB 42.9 MB/s  0:00:06
Downloading nvidia_nccl_cu12-2.27.5-py3-none-manylinux2014_x86_64.manylinux_2_17_x86_64.whl (322.3 MB)
   ━━━━━━━━━━━━━━━━━━━━━━━━━━━━━━━━━━━━━━━━ 322.3/322.3 MB 35.0 MB/s  0:00:08
Downloading nvidia_nvjitlink_cu12-12.8.93-py3-none-manylinux2010_x86_64.manylinux_2_12_x86_64.whl (39.3 MB)
   ━━━━━━━━━━━━━━━━━━━━━━━━━━━━━━━━━━━━━━━━ 39.3/39.3 MB 12.6 MB/s  0:00:03
Downloading nvidia_nvshmem_cu12-3.3.20-py3-none-manylinux2014_x86_64.manylinux_2_17_x86_64.whl (124.7 MB)
   ━━━━━━━━━━━━━━━━━━━━━━━━━━━━━━━━━━━━━━━━ 124.7/124.7 MB 32.2 MB/s  0:00:03
Downloading nvidia_nvtx_cu12-12.8.90-py3-none-manylinux2014_x86_64.manylinux_2_17_x86_64.whl (89 kB)
Downloading triton-3.5.1-cp311-cp311-manylinux_2_27_x86_64.manylinux_2_28_x86_64.whl (170.4 MB)
   ━━━━━━━━━━━━━━━━━━━━━━━━━━━━━━━━━━━━━━━━ 170.4/170.4 MB 36.2 MB/s  0:00:04
Downloading networkx-3.6-py3-none-any.whl (2.1 MB)
   ━━━━━━━━━━━━━━━━━━━━━━━━━━━━━━━━━━━━━━━━ 2.1/2.1 MB 2.2 MB/s  0:00:00
Downloading sympy-1.14.0-py3-none-any.whl (6.3 MB)
   ━━━━━━━━━━━━━━━━━━━━━━━━━━━━━━━━━━━━━━━━ 6.3/6.3 MB 5.3 MB/s  0:00:01
Downloading mpmath-1.3.0-py3-none-any.whl (536 kB)
   ━━━━━━━━━━━━━━━━━━━━━━━━━━━━━━━━━━━━━━━━ 536.2/536.2 kB 278.9 kB/s  0:00:00
Installing collected packages: nvidia-cusparselt-cu12, mpmath, triton, sympy, nvidia-nvtx-cu12, nvidia-nvshmem-cu12, nvidia-nvjitlink-cu12, nvidia-nccl-cu12, nvidia-curand-cu12, nvidia-cufile-cu12, nvidia-cuda-runtime-cu12, nvidia-cuda-nvrtc-cu12, nvidia-cuda-cupti-cu12, nvidia-cublas-cu12, networkx, nvidia-cusparse-cu12, nvidia-cufft-cu12, nvidia-cudnn-cu12, nvidia-cusolver-cu12, torch

Successfully installed mpmath-1.3.0 networkx-3.6 nvidia-cublas-cu12-12.8.4.1 nvidia-cuda-cupti-cu12-12.8.90 nvidia-cuda-nvrtc-cu12-12.8.93 nvidia-cuda-runtime-cu12-12.8.90 nvidia-cudnn-cu12-9.10.2.21 nvidia-cufft-cu12-11.3.3.83 nvidia-cufile-cu12-1.13.1.3 nvidia-curand-cu12-10.3.9.90 nvidia-cusolver-cu12-11.7.3.90 nvidia-cusparse-cu12-12.5.8.93 nvidia-cusparselt-cu12-0.7.1 nvidia-nccl-cu12-2.27.5 nvidia-nvjitlink-cu12-12.8.93 nvidia-nvshmem-cu12-3.3.20 nvidia-nvtx-cu12-12.8.90 sympy-1.14.0 torch-2.9.1 triton-3.5.1
Package torch installed successfully
Collecting jupyterlab
  Using cached jupyterlab-4.5.0-py3-none-any.whl.metadata (16 kB)
Requirement already satisfied: async-lru>=1.0.0 in /home/hheg_stli/condaenvs/myenv/lib/python3.11/site-packages (from jupyterlab) (2.0.5)
Requirement already satisfied: httpx<1,>=0.25.0 in /home/hheg_stli/condaenvs/myenv/lib/python3.11/site-packages (from jupyterlab) (0.28.1)
Requirement already satisfied: ipykernel!=6.30.0,>=6.5.0 in /home/hheg_stli/condaenvs/myenv/lib/python3.11/site-packages (from jupyterlab) (7.1.0)
Requirement already satisfied: jinja2>=3.0.3 in /home/hheg_stli/condaenvs/myenv/lib/python3.11/site-packages (from jupyterlab) (3.1.6)
Requirement already satisfied: jupyter-core in /home/hheg_stli/condaenvs/myenv/lib/python3.11/site-packages (from jupyterlab) (5.9.1)
Collecting jupyter-lsp>=2.0.0 (from jupyterlab)
  Using cached jupyter_lsp-2.3.0-py3-none-any.whl.metadata (1.8 kB)
Collecting jupyter-server<3,>=2.4.0 (from jupyterlab)
  Using cached jupyter_server-2.17.0-py3-none-any.whl.metadata (8.5 kB)
Collecting jupyterlab-server<3,>=2.28.0 (from jupyterlab)
  Using cached jupyterlab_server-2.28.0-py3-none-any.whl.metadata (5.9 kB)
Collecting notebook-shim>=0.2 (from jupyterlab)
  Using cached notebook_shim-0.2.4-py3-none-any.whl.metadata (4.0 kB)
Requirement already satisfied: packaging in /home/hheg_stli/condaenvs/myenv/lib/python3.11/site-packages (from jupyterlab) (25.0)
Requirement already satisfied: setuptools>=41.1.0 in /home/hheg_stli/condaenvs/myenv/lib/python3.11/site-packages (from jupyterlab) (80.9.0)
Requirement already satisfied: tornado>=6.2.0 in /home/hheg_stli/condaenvs/myenv/lib/python3.11/site-packages (from jupyterlab) (6.5.2)
Requirement already satisfied: traitlets in /home/hheg_stli/condaenvs/myenv/lib/python3.11/site-packages (from jupyterlab) (5.14.3)
Requirement already satisfied: anyio in /home/hheg_stli/condaenvs/myenv/lib/python3.11/site-packages (from httpx<1,>=0.25.0->jupyterlab) (4.12.0)
Requirement already satisfied: certifi in /home/hheg_stli/condaenvs/myenv/lib/python3.11/site-packages (from httpx<1,>=0.25.0->jupyterlab) (2025.11.12)
Requirement already satisfied: httpcore==1.* in /home/hheg_stli/condaenvs/myenv/lib/python3.11/site-packages (from httpx<1,>=0.25.0->jupyterlab) (1.0.9)
Requirement already satisfied: idna in /home/hheg_stli/condaenvs/myenv/lib/python3.11/site-packages (from httpx<1,>=0.25.0->jupyterlab) (3.11)
Requirement already satisfied: h11>=0.16 in /home/hheg_stli/condaenvs/myenv/lib/python3.11/site-packages (from httpcore==1.*->httpx<1,>=0.25.0->jupyterlab) (0.16.0)
Collecting argon2-cffi>=21.1 (from jupyter-server<3,>=2.4.0->jupyterlab)
  Using cached argon2_cffi-25.1.0-py3-none-any.whl.metadata (4.1 kB)
Requirement already satisfied: jupyter-client>=7.4.4 in /home/hheg_stli/condaenvs/myenv/lib/python3.11/site-packages (from jupyter-server<3,>=2.4.0->jupyterlab) (8.6.3)
Collecting jupyter-events>=0.11.0 (from jupyter-server<3,>=2.4.0->jupyterlab)
  Using cached jupyter_events-0.12.0-py3-none-any.whl.metadata (5.8 kB)
Requirement already satisfied: jupyter-server-terminals>=0.4.4 in /home/hheg_stli/condaenvs/myenv/lib/python3.11/site-packages (from jupyter-server<3,>=2.4.0->jupyterlab) (0.5.3)
Collecting nbconvert>=6.4.4 (from jupyter-server<3,>=2.4.0->jupyterlab)
  Using cached nbconvert-7.16.6-py3-none-any.whl.metadata (8.5 kB)
Collecting nbformat>=5.3.0 (from jupyter-server<3,>=2.4.0->jupyterlab)
  Using cached nbformat-5.10.4-py3-none-any.whl.metadata (3.6 kB)
Requirement already satisfied: overrides>=5.0 in /home/hheg_stli/condaenvs/myenv/lib/python3.11/site-packages (from jupyter-server<3,>=2.4.0->jupyterlab) (7.7.0)
Requirement already satisfied: prometheus-client>=0.9 in /home/hheg_stli/condaenvs/myenv/lib/python3.11/site-packages (from jupyter-server<3,>=2.4.0->jupyterlab) (0.23.1)
Requirement already satisfied: pyzmq>=24 in /home/hheg_stli/condaenvs/myenv/lib/python3.11/site-packages (from jupyter-server<3,>=2.4.0->jupyterlab) (27.1.0)
Requirement already satisfied: send2trash>=1.8.2 in /home/hheg_stli/condaenvs/myenv/lib/python3.11/site-packages (from jupyter-server<3,>=2.4.0->jupyterlab) (1.8.3)
Requirement already satisfied: terminado>=0.8.3 in /home/hheg_stli/condaenvs/myenv/lib/python3.11/site-packages (from jupyter-server<3,>=2.4.0->jupyterlab) (0.18.1)
Requirement already satisfied: websocket-client>=1.7 in /home/hheg_stli/condaenvs/myenv/lib/python3.11/site-packages (from jupyter-server<3,>=2.4.0->jupyterlab) (1.9.0)
Requirement already satisfied: babel>=2.10 in /home/hheg_stli/condaenvs/myenv/lib/python3.11/site-packages (from jupyterlab-server<3,>=2.28.0->jupyterlab) (2.17.0)
Requirement already satisfied: json5>=0.9.0 in /home/hheg_stli/condaenvs/myenv/lib/python3.11/site-packages (from jupyterlab-server<3,>=2.28.0->jupyterlab) (0.12.1)
Requirement already satisfied: jsonschema>=4.18.0 in /home/hheg_stli/condaenvs/myenv/lib/python3.11/site-packages (from jupyterlab-server<3,>=2.28.0->jupyterlab) (4.25.1)
Requirement already satisfied: requests>=2.31 in /home/hheg_stli/condaenvs/myenv/lib/python3.11/site-packages (from jupyterlab-server<3,>=2.28.0->jupyterlab) (2.32.5)
Requirement already satisfied: typing_extensions>=4.5 in /home/hheg_stli/condaenvs/myenv/lib/python3.11/site-packages (from anyio->httpx<1,>=0.25.0->jupyterlab) (4.15.0)
Requirement already satisfied: argon2-cffi-bindings in /home/hheg_stli/condaenvs/myenv/lib/python3.11/site-packages (from argon2-cffi>=21.1->jupyter-server<3,>=2.4.0->jupyterlab) (25.1.0)
Requirement already satisfied: comm>=0.1.1 in /home/hheg_stli/condaenvs/myenv/lib/python3.11/site-packages (from ipykernel!=6.30.0,>=6.5.0->jupyterlab) (0.2.3)
Requirement already satisfied: debugpy>=1.6.5 in /home/hheg_stli/condaenvs/myenv/lib/python3.11/site-packages (from ipykernel!=6.30.0,>=6.5.0->jupyterlab) (1.8.17)
Requirement already satisfied: ipython>=7.23.1 in /home/hheg_stli/condaenvs/myenv/lib/python3.11/site-packages (from ipykernel!=6.30.0,>=6.5.0->jupyterlab) (9.7.0)
Requirement already satisfied: matplotlib-inline>=0.1 in /home/hheg_stli/condaenvs/myenv/lib/python3.11/site-packages (from ipykernel!=6.30.0,>=6.5.0->jupyterlab) (0.2.1)
Requirement already satisfied: nest-asyncio>=1.4 in /home/hheg_stli/condaenvs/myenv/lib/python3.11/site-packages (from ipykernel!=6.30.0,>=6.5.0->jupyterlab) (1.6.0)
Requirement already satisfied: psutil>=5.7 in /home/hheg_stli/condaenvs/myenv/lib/python3.11/site-packages (from ipykernel!=6.30.0,>=6.5.0->jupyterlab) (7.1.3)
Requirement already satisfied: decorator>=4.3.2 in /home/hheg_stli/condaenvs/myenv/lib/python3.11/site-packages (from ipython>=7.23.1->ipykernel!=6.30.0,>=6.5.0->jupyterlab) (5.2.1)
Requirement already satisfied: ipython-pygments-lexers>=1.0.0 in /home/hheg_stli/condaenvs/myenv/lib/python3.11/site-packages (from ipython>=7.23.1->ipykernel!=6.30.0,>=6.5.0->jupyterlab) (1.1.1)
Requirement already satisfied: jedi>=0.18.1 in /home/hheg_stli/condaenvs/myenv/lib/python3.11/site-packages (from ipython>=7.23.1->ipykernel!=6.30.0,>=6.5.0->jupyterlab) (0.19.2)
Requirement already satisfied: pexpect>4.3 in /home/hheg_stli/condaenvs/myenv/lib/python3.11/site-packages (from ipython>=7.23.1->ipykernel!=6.30.0,>=6.5.0->jupyterlab) (4.9.0)
Requirement already satisfied: prompt_toolkit<3.1.0,>=3.0.41 in /home/hheg_stli/condaenvs/myenv/lib/python3.11/site-packages (from ipython>=7.23.1->ipykernel!=6.30.0,>=6.5.0->jupyterlab) (3.0.52)
Requirement already satisfied: pygments>=2.11.0 in /home/hheg_stli/condaenvs/myenv/lib/python3.11/site-packages (from ipython>=7.23.1->ipykernel!=6.30.0,>=6.5.0->jupyterlab) (2.19.2)
Requirement already satisfied: stack_data>=0.6.0 in /home/hheg_stli/condaenvs/myenv/lib/python3.11/site-packages (from ipython>=7.23.1->ipykernel!=6.30.0,>=6.5.0->jupyterlab) (0.6.3)
Requirement already satisfied: wcwidth in /home/hheg_stli/condaenvs/myenv/lib/python3.11/site-packages (from prompt_toolkit<3.1.0,>=3.0.41->ipython>=7.23.1->ipykernel!=6.30.0,>=6.5.0->jupyterlab) (0.2.14)
Requirement already satisfied: parso<0.9.0,>=0.8.4 in /home/hheg_stli/condaenvs/myenv/lib/python3.11/site-packages (from jedi>=0.18.1->ipython>=7.23.1->ipykernel!=6.30.0,>=6.5.0->jupyterlab) (0.8.5)
Requirement already satisfied: MarkupSafe>=2.0 in /home/hheg_stli/condaenvs/myenv/lib/python3.11/site-packages (from jinja2>=3.0.3->jupyterlab) (3.0.3)
Requirement already satisfied: attrs>=22.2.0 in /home/hheg_stli/condaenvs/myenv/lib/python3.11/site-packages (from jsonschema>=4.18.0->jupyterlab-server<3,>=2.28.0->jupyterlab) (25.4.0)
Requirement already satisfied: jsonschema-specifications>=2023.03.6 in /home/hheg_stli/condaenvs/myenv/lib/python3.11/site-packages (from jsonschema>=4.18.0->jupyterlab-server<3,>=2.28.0->jupyterlab) (2025.9.1)
Requirement already satisfied: referencing>=0.28.4 in /home/hheg_stli/condaenvs/myenv/lib/python3.11/site-packages (from jsonschema>=4.18.0->jupyterlab-server<3,>=2.28.0->jupyterlab) (0.37.0)
Requirement already satisfied: rpds-py>=0.7.1 in /home/hheg_stli/condaenvs/myenv/lib/python3.11/site-packages (from jsonschema>=4.18.0->jupyterlab-server<3,>=2.28.0->jupyterlab) (0.29.0)
Requirement already satisfied: python-dateutil>=2.8.2 in /home/hheg_stli/condaenvs/myenv/lib/python3.11/site-packages (from jupyter-client>=7.4.4->jupyter-server<3,>=2.4.0->jupyterlab) (2.9.0.post0)
Requirement already satisfied: platformdirs>=2.5 in /home/hheg_stli/condaenvs/myenv/lib/python3.11/site-packages (from jupyter-core->jupyterlab) (4.5.0)
Requirement already satisfied: python-json-logger>=2.0.4 in /home/hheg_stli/condaenvs/myenv/lib/python3.11/site-packages (from jupyter-events>=0.11.0->jupyter-server<3,>=2.4.0->jupyterlab) (4.0.0)
Requirement already satisfied: pyyaml>=5.3 in /home/hheg_stli/condaenvs/myenv/lib/python3.11/site-packages (from jupyter-events>=0.11.0->jupyter-server<3,>=2.4.0->jupyterlab) (6.0.3)
Requirement already satisfied: rfc3339-validator in /home/hheg_stli/condaenvs/myenv/lib/python3.11/site-packages (from jupyter-events>=0.11.0->jupyter-server<3,>=2.4.0->jupyterlab) (0.1.4)
Requirement already satisfied: rfc3986-validator>=0.1.1 in /home/hheg_stli/condaenvs/myenv/lib/python3.11/site-packages (from jupyter-events>=0.11.0->jupyter-server<3,>=2.4.0->jupyterlab) (0.1.1)
Requirement already satisfied: fqdn in /home/hheg_stli/condaenvs/myenv/lib/python3.11/site-packages (from jsonschema[format-nongpl]>=4.18.0->jupyter-events>=0.11.0->jupyter-server<3,>=2.4.0->jupyterlab) (1.5.1)
Requirement already satisfied: isoduration in /home/hheg_stli/condaenvs/myenv/lib/python3.11/site-packages (from jsonschema[format-nongpl]>=4.18.0->jupyter-events>=0.11.0->jupyter-server<3,>=2.4.0->jupyterlab) (20.11.0)
Requirement already satisfied: jsonpointer>1.13 in /home/hheg_stli/condaenvs/myenv/lib/python3.11/site-packages (from jsonschema[format-nongpl]>=4.18.0->jupyter-events>=0.11.0->jupyter-server<3,>=2.4.0->jupyterlab) (3.0.0)
Requirement already satisfied: rfc3987-syntax>=1.1.0 in /home/hheg_stli/condaenvs/myenv/lib/python3.11/site-packages (from jsonschema[format-nongpl]>=4.18.0->jupyter-events>=0.11.0->jupyter-server<3,>=2.4.0->jupyterlab) (1.1.0)
Requirement already satisfied: uri-template in /home/hheg_stli/condaenvs/myenv/lib/python3.11/site-packages (from jsonschema[format-nongpl]>=4.18.0->jupyter-events>=0.11.0->jupyter-server<3,>=2.4.0->jupyterlab) (1.3.0)
Requirement already satisfied: webcolors>=24.6.0 in /home/hheg_stli/condaenvs/myenv/lib/python3.11/site-packages (from jsonschema[format-nongpl]>=4.18.0->jupyter-events>=0.11.0->jupyter-server<3,>=2.4.0->jupyterlab) (25.10.0)
Requirement already satisfied: beautifulsoup4 in /home/hheg_stli/condaenvs/myenv/lib/python3.11/site-packages (from nbconvert>=6.4.4->jupyter-server<3,>=2.4.0->jupyterlab) (4.14.2)
Requirement already satisfied: bleach!=5.0.0 in /home/hheg_stli/condaenvs/myenv/lib/python3.11/site-packages (from bleach[css]!=5.0.0->nbconvert>=6.4.4->jupyter-server<3,>=2.4.0->jupyterlab) (6.3.0)
Requirement already satisfied: defusedxml in /home/hheg_stli/condaenvs/myenv/lib/python3.11/site-packages (from nbconvert>=6.4.4->jupyter-server<3,>=2.4.0->jupyterlab) (0.7.1)
Requirement already satisfied: jupyterlab-pygments in /home/hheg_stli/condaenvs/myenv/lib/python3.11/site-packages (from nbconvert>=6.4.4->jupyter-server<3,>=2.4.0->jupyterlab) (0.3.0)
Requirement already satisfied: mistune<4,>=2.0.3 in /home/hheg_stli/condaenvs/myenv/lib/python3.11/site-packages (from nbconvert>=6.4.4->jupyter-server<3,>=2.4.0->jupyterlab) (3.1.4)
Collecting nbclient>=0.5.0 (from nbconvert>=6.4.4->jupyter-server<3,>=2.4.0->jupyterlab)
  Using cached nbclient-0.10.2-py3-none-any.whl.metadata (8.3 kB)
Requirement already satisfied: pandocfilters>=1.4.1 in /home/hheg_stli/condaenvs/myenv/lib/python3.11/site-packages (from nbconvert>=6.4.4->jupyter-server<3,>=2.4.0->jupyterlab) (1.5.1)
Requirement already satisfied: webencodings in /home/hheg_stli/condaenvs/myenv/lib/python3.11/site-packages (from bleach!=5.0.0->bleach[css]!=5.0.0->nbconvert>=6.4.4->jupyter-server<3,>=2.4.0->jupyterlab) (0.5.1)
Requirement already satisfied: tinycss2<1.5,>=1.1.0 in /home/hheg_stli/condaenvs/myenv/lib/python3.11/site-packages (from bleach[css]!=5.0.0->nbconvert>=6.4.4->jupyter-server<3,>=2.4.0->jupyterlab) (1.4.0)
Requirement already satisfied: fastjsonschema>=2.15 in /home/hheg_stli/condaenvs/myenv/lib/python3.11/site-packages (from nbformat>=5.3.0->jupyter-server<3,>=2.4.0->jupyterlab) (2.21.2)
Requirement already satisfied: ptyprocess>=0.5 in /home/hheg_stli/condaenvs/myenv/lib/python3.11/site-packages (from pexpect>4.3->ipython>=7.23.1->ipykernel!=6.30.0,>=6.5.0->jupyterlab) (0.7.0)
Requirement already satisfied: six>=1.5 in /home/hheg_stli/condaenvs/myenv/lib/python3.11/site-packages (from python-dateutil>=2.8.2->jupyter-client>=7.4.4->jupyter-server<3,>=2.4.0->jupyterlab) (1.17.0)
Requirement already satisfied: charset_normalizer<4,>=2 in /home/hheg_stli/condaenvs/myenv/lib/python3.11/site-packages (from requests>=2.31->jupyterlab-server<3,>=2.28.0->jupyterlab) (3.4.4)
Requirement already satisfied: urllib3<3,>=1.21.1 in /home/hheg_stli/condaenvs/myenv/lib/python3.11/site-packages (from requests>=2.31->jupyterlab-server<3,>=2.28.0->jupyterlab) (2.5.0)
Requirement already satisfied: lark>=1.2.2 in /home/hheg_stli/condaenvs/myenv/lib/python3.11/site-packages (from rfc3987-syntax>=1.1.0->jsonschema[format-nongpl]>=4.18.0->jupyter-events>=0.11.0->jupyter-server<3,>=2.4.0->jupyterlab) (1.3.1)
Requirement already satisfied: executing>=1.2.0 in /home/hheg_stli/condaenvs/myenv/lib/python3.11/site-packages (from stack_data>=0.6.0->ipython>=7.23.1->ipykernel!=6.30.0,>=6.5.0->jupyterlab) (2.2.1)
Requirement already satisfied: asttokens>=2.1.0 in /home/hheg_stli/condaenvs/myenv/lib/python3.11/site-packages (from stack_data>=0.6.0->ipython>=7.23.1->ipykernel!=6.30.0,>=6.5.0->jupyterlab) (3.0.1)
Requirement already satisfied: pure-eval in /home/hheg_stli/condaenvs/myenv/lib/python3.11/site-packages (from stack_data>=0.6.0->ipython>=7.23.1->ipykernel!=6.30.0,>=6.5.0->jupyterlab) (0.2.3)
Requirement already satisfied: cffi>=1.0.1 in /home/hheg_stli/condaenvs/myenv/lib/python3.11/site-packages (from argon2-cffi-bindings->argon2-cffi>=21.1->jupyter-server<3,>=2.4.0->jupyterlab) (2.0.0)
Requirement already satisfied: pycparser in /home/hheg_stli/condaenvs/myenv/lib/python3.11/site-packages (from cffi>=1.0.1->argon2-cffi-bindings->argon2-cffi>=21.1->jupyter-server<3,>=2.4.0->jupyterlab) (2.23)
Requirement already satisfied: soupsieve>1.2 in /home/hheg_stli/condaenvs/myenv/lib/python3.11/site-packages (from beautifulsoup4->nbconvert>=6.4.4->jupyter-server<3,>=2.4.0->jupyterlab) (2.8)
Requirement already satisfied: arrow>=0.15.0 in /home/hheg_stli/condaenvs/myenv/lib/python3.11/site-packages (from isoduration->jsonschema[format-nongpl]>=4.18.0->jupyter-events>=0.11.0->jupyter-server<3,>=2.4.0->jupyterlab) (1.4.0)
Requirement already satisfied: tzdata in /home/hheg_stli/condaenvs/myenv/lib/python3.11/site-packages (from arrow>=0.15.0->isoduration->jsonschema[format-nongpl]>=4.18.0->jupyter-events>=0.11.0->jupyter-server<3,>=2.4.0->jupyterlab) (2025.2)
Using cached jupyterlab-4.5.0-py3-none-any.whl (12.4 MB)
Using cached jupyter_server-2.17.0-py3-none-any.whl (388 kB)
Using cached jupyterlab_server-2.28.0-py3-none-any.whl (59 kB)
Using cached argon2_cffi-25.1.0-py3-none-any.whl (14 kB)
Using cached jupyter_events-0.12.0-py3-none-any.whl (19 kB)
Using cached jupyter_lsp-2.3.0-py3-none-any.whl (76 kB)
Using cached nbconvert-7.16.6-py3-none-any.whl (258 kB)
Using cached nbclient-0.10.2-py3-none-any.whl (25 kB)
Using cached nbformat-5.10.4-py3-none-any.whl (78 kB)
Using cached notebook_shim-0.2.4-py3-none-any.whl (13 kB)
Installing collected packages: argon2-cffi, nbformat, nbclient, jupyter-events, nbconvert, jupyter-server, notebook-shim, jupyterlab-server, jupyter-lsp, jupyterlab

Successfully installed argon2-cffi-25.1.0 jupyter-events-0.12.0 jupyter-lsp-2.3.0 jupyter-server-2.17.0 jupyterlab-4.5.0 jupyterlab-server-2.28.0 nbclient-0.10.2 nbconvert-7.16.6 nbformat-5.10.4 notebook-shim-0.2.4
Package jupyterlab installed successfully
Requirement already satisfied: pandas in /home/hheg_stli/condaenvs/myenv/lib/python3.11/site-packages (2.3.3)
Requirement already satisfied: numpy>=1.23.2 in /home/hheg_stli/condaenvs/myenv/lib/python3.11/site-packages (from pandas) (2.3.5)
Requirement already satisfied: python-dateutil>=2.8.2 in /home/hheg_stli/condaenvs/myenv/lib/python3.11/site-packages (from pandas) (2.9.0.post0)
Requirement already satisfied: pytz>=2020.1 in /home/hheg_stli/condaenvs/myenv/lib/python3.11/site-packages (from pandas) (2025.2)
Requirement already satisfied: tzdata>=2022.7 in /home/hheg_stli/condaenvs/myenv/lib/python3.11/site-packages (from pandas) (2025.2)
Requirement already satisfied: six>=1.5 in /home/hheg_stli/condaenvs/myenv/lib/python3.11/site-packages (from python-dateutil>=2.8.2->pandas) (1.17.0)
Package pandas installed successfully
Collecting seaborn
  Downloading seaborn-0.13.2-py3-none-any.whl.metadata (5.4 kB)
Requirement already satisfied: numpy!=1.24.0,>=1.20 in /home/hheg_stli/condaenvs/myenv/lib/python3.11/site-packages (from seaborn) (2.3.5)
Requirement already satisfied: pandas>=1.2 in /home/hheg_stli/condaenvs/myenv/lib/python3.11/site-packages (from seaborn) (2.3.3)
Collecting matplotlib!=3.6.1,>=3.4 (from seaborn)
  Downloading matplotlib-3.10.7-cp311-cp311-manylinux2014_x86_64.manylinux_2_17_x86_64.whl.metadata (11 kB)
Collecting contourpy>=1.0.1 (from matplotlib!=3.6.1,>=3.4->seaborn)
  Downloading contourpy-1.3.3-cp311-cp311-manylinux_2_27_x86_64.manylinux_2_28_x86_64.whl.metadata (5.5 kB)
Collecting cycler>=0.10 (from matplotlib!=3.6.1,>=3.4->seaborn)
  Using cached cycler-0.12.1-py3-none-any.whl.metadata (3.8 kB)
Collecting fonttools>=4.22.0 (from matplotlib!=3.6.1,>=3.4->seaborn)
  Downloading fonttools-4.61.0-cp311-cp311-manylinux2014_x86_64.manylinux_2_17_x86_64.whl.metadata (113 kB)
Collecting kiwisolver>=1.3.1 (from matplotlib!=3.6.1,>=3.4->seaborn)
  Downloading kiwisolver-1.4.9-cp311-cp311-manylinux2014_x86_64.manylinux_2_17_x86_64.whl.metadata (6.3 kB)
Requirement already satisfied: packaging>=20.0 in /home/hheg_stli/condaenvs/myenv/lib/python3.11/site-packages (from matplotlib!=3.6.1,>=3.4->seaborn) (25.0)
Collecting pillow>=8 (from matplotlib!=3.6.1,>=3.4->seaborn)
  Downloading pillow-12.0.0-cp311-cp311-manylinux_2_27_x86_64.manylinux_2_28_x86_64.whl.metadata (8.8 kB)
Collecting pyparsing>=3 (from matplotlib!=3.6.1,>=3.4->seaborn)
  Using cached pyparsing-3.2.5-py3-none-any.whl.metadata (5.0 kB)
Requirement already satisfied: python-dateutil>=2.7 in /home/hheg_stli/condaenvs/myenv/lib/python3.11/site-packages (from matplotlib!=3.6.1,>=3.4->seaborn) (2.9.0.post0)
Requirement already satisfied: pytz>=2020.1 in /home/hheg_stli/condaenvs/myenv/lib/python3.11/site-packages (from pandas>=1.2->seaborn) (2025.2)
Requirement already satisfied: tzdata>=2022.7 in /home/hheg_stli/condaenvs/myenv/lib/python3.11/site-packages (from pandas>=1.2->seaborn) (2025.2)
Requirement already satisfied: six>=1.5 in /home/hheg_stli/condaenvs/myenv/lib/python3.11/site-packages (from python-dateutil>=2.7->matplotlib!=3.6.1,>=3.4->seaborn) (1.17.0)
Downloading seaborn-0.13.2-py3-none-any.whl (294 kB)
Downloading matplotlib-3.10.7-cp311-cp311-manylinux2014_x86_64.manylinux_2_17_x86_64.whl (8.7 MB)
   ━━━━━━━━━━━━━━━━━━━━━━━━━━━━━━━━━━━━━━━━ 8.7/8.7 MB 9.1 MB/s  0:00:00
Downloading contourpy-1.3.3-cp311-cp311-manylinux_2_27_x86_64.manylinux_2_28_x86_64.whl (355 kB)
Using cached cycler-0.12.1-py3-none-any.whl (8.3 kB)
Downloading fonttools-4.61.0-cp311-cp311-manylinux2014_x86_64.manylinux_2_17_x86_64.whl (5.0 MB)
   ━━━━━━━━━━━━━━━━━━━━━━━━━━━━━━━━━━━━━━━━ 5.0/5.0 MB 4.0 MB/s  0:00:01
Downloading kiwisolver-1.4.9-cp311-cp311-manylinux2014_x86_64.manylinux_2_17_x86_64.whl (1.4 MB)
   ━━━━━━━━━━━━━━━━━━━━━━━━━━━━━━━━━━━━━━━━ 1.4/1.4 MB 2.4 MB/s  0:00:00
Downloading pillow-12.0.0-cp311-cp311-manylinux_2_27_x86_64.manylinux_2_28_x86_64.whl (7.0 MB)
   ━━━━━━━━━━━━━━━━━━━━━━━━━━━━━━━━━━━━━━━━ 7.0/7.0 MB 10.5 MB/s  0:00:00
Using cached pyparsing-3.2.5-py3-none-any.whl (113 kB)
Installing collected packages: pyparsing, pillow, kiwisolver, fonttools, cycler, contourpy, matplotlib, seaborn

Successfully installed contourpy-1.3.3 cycler-0.12.1 fonttools-4.61.0 kiwisolver-1.4.9 matplotlib-3.10.7 pillow-12.0.0 pyparsing-3.2.5 seaborn-0.13.2
Package seaborn installed successfully
Requirement already satisfied: matplotlib in /home/hheg_stli/condaenvs/myenv/lib/python3.11/site-packages (3.10.7)
Requirement already satisfied: contourpy>=1.0.1 in /home/hheg_stli/condaenvs/myenv/lib/python3.11/site-packages (from matplotlib) (1.3.3)
Requirement already satisfied: cycler>=0.10 in /home/hheg_stli/condaenvs/myenv/lib/python3.11/site-packages (from matplotlib) (0.12.1)
Requirement already satisfied: fonttools>=4.22.0 in /home/hheg_stli/condaenvs/myenv/lib/python3.11/site-packages (from matplotlib) (4.61.0)
Requirement already satisfied: kiwisolver>=1.3.1 in /home/hheg_stli/condaenvs/myenv/lib/python3.11/site-packages (from matplotlib) (1.4.9)
Requirement already satisfied: numpy>=1.23 in /home/hheg_stli/condaenvs/myenv/lib/python3.11/site-packages (from matplotlib) (2.3.5)
Requirement already satisfied: packaging>=20.0 in /home/hheg_stli/condaenvs/myenv/lib/python3.11/site-packages (from matplotlib) (25.0)
Requirement already satisfied: pillow>=8 in /home/hheg_stli/condaenvs/myenv/lib/python3.11/site-packages (from matplotlib) (12.0.0)
Requirement already satisfied: pyparsing>=3 in /home/hheg_stli/condaenvs/myenv/lib/python3.11/site-packages (from matplotlib) (3.2.5)
Requirement already satisfied: python-dateutil>=2.7 in /home/hheg_stli/condaenvs/myenv/lib/python3.11/site-packages (from matplotlib) (2.9.0.post0)
Requirement already satisfied: six>=1.5 in /home/hheg_stli/condaenvs/myenv/lib/python3.11/site-packages (from python-dateutil>=2.7->matplotlib) (1.17.0)
Package matplotlib installed successfully
All packages imported successfully
jobs done :)
