Running on cn8.hpc.itu.dk:
Python version: Python 3.11.14
Working directory: /home/hheg_stli/safetyneurons
train_raw shape: (3539, 92161)
test_raw shape: (885, 92161)
safety_neurons shape: (4608, 2)
train_raw columns: Index(['0', '0.1', '1', '2', '3', '4', '5', '6', '7', '8',
       ...
       '92150', '92151', '92152', '92153', '92154', '92155', '92156', '92157',
       '92158', '92159'],
      dtype='object', length=92161)
test_raw columns: Index(['0', '0.1', '1', '2', '3', '4', '5', '6', '7', '8',
       ...
       '92150', '92151', '92152', '92153', '92154', '92155', '92156', '92157',
       '92158', '92159'],
      dtype='object', length=92161)
safety_neurons columns: Index(['neuron_index', 'activation'], dtype='object')
train_raw head:    0       0.1         1         2  ...     92156     92157     92158     92159
0  0  1.737604 -0.727799  0.592120  ...  5.859375 -1.464414 -1.692391  4.476562
1  1  2.069557 -0.768563  0.550159  ...  7.764648 -1.887205 -4.629663  5.392672

[2 rows x 92161 columns]
test_raw head:    0       0.1         1         2  ...     92156     92157     92158     92159
0  0  1.646549 -0.664287  0.481407  ...  7.078157 -1.189141 -0.145154  2.335179
1  0  1.646227 -0.648662  0.550845  ...  7.949013 -1.198925 -2.087807  4.292069

[2 rows x 92161 columns]
dtyps of train_temp: 0.1      float64
1        float64
2        float64
3        float64
4        float64
          ...   
92155    float64
92156    float64
92157    float64
92158    float64
92159    float64
Length: 92160, dtype: object
dtyps of test_temp: 0.1      float64
1        float64
2        float64
3        float64
4        float64
          ...   
92155    float64
92156    float64
92157    float64
92158    float64
92159    float64
Length: 92160, dtype: object
train_temp shape: (3539, 92160)
test_temp shape: (885, 92160)
dtyps of X_train_sn: 15364    float64
15756    float64
40960    float64
40964    float64
41060    float64
          ...   
92155    float64
92156    float64
92157    float64
92158    float64
92159    float64
Length: 4608, dtype: object
dtyps of y_train_sn: int64
dtyps of X_test_sn: 15364    float64
15756    float64
40960    float64
40964    float64
41060    float64
          ...   
92155    float64
92156    float64
92157    float64
92158    float64
92159    float64
Length: 4608, dtype: object
dtyps of y_test_sn: int64
X_train_sn shape: (3539, 4608)
y_train_sn shape: (3539,)
X_test_sn shape: (885, 4608)
y_test_sn shape: (885,)
number principal components: 827
training safety neurons model
dumping safety neurons model


training pca model
dumping pca model


training full model
dumping pca model


----------------pca----------------
accuracy: 0.984180790960452
recall: 0.9845132743362832
confusion matrix: [[426   7]
 [  7 445]]
classification report:               precision    recall  f1-score   support

           0       0.98      0.98      0.98       433
           1       0.98      0.98      0.98       452

    accuracy                           0.98       885
   macro avg       0.98      0.98      0.98       885
weighted avg       0.98      0.98      0.98       885
 
 

----------------full----------------
accuracy: 0.9898305084745763
recall: 0.9889380530973452
confusion matrix: [[429   4]
 [  5 447]]
classification report:               precision    recall  f1-score   support

           0       0.99      0.99      0.99       433
           1       0.99      0.99      0.99       452

    accuracy                           0.99       885
   macro avg       0.99      0.99      0.99       885
weighted avg       0.99      0.99      0.99       885
 
 

jobs done! :)
